<?xml version="1.0" encoding="UTF-8"?>
<!-- Generated by org.testng.reporters.JUnitReportReporter -->
<testsuite skipped="0" hostname="SG-LT-122" name="seleinumgrid.LoginTestWindownEnvChromeBrowser" tests="2" failures="0" timestamp="2020-12-21T23:27:23 IST" time="18.292" errors="0">
  <testcase name="setup" time="5.049" classname="seleinumgrid.LoginTestWindownEnvChromeBrowser"/>
  <system-out/>
  <testcase name="login" time="13.243" classname="seleinumgrid.LoginTestWindownEnvChromeBrowser"/>
  <system-out/>
</testsuite> <!-- seleinumgrid.LoginTestWindownEnvChromeBrowser -->
